commit edc85da058be630183d26e4deb6714ade80e600c
Author: Clementine Text Project <clementinevulgateproject@mail.com>
Date:   Sat Oct 22 09:34:36 2022 +0100

    Clementine text update at Sat, 22 Oct 2022 09:30:25 BST

commit fe6e49894303238e7f978fe741ef4f7e2cc9af81
Author: Clementine Text Project <clementinevulgateproject@mail.com>
Date:   Sun Oct 9 08:44:10 2022 +0100

    Clementine text update at Sun, 09 Oct 2022 08:40:15 BST

commit 9f8a1b346dd451e29f376f472cb27b13964f87db
Author: Clementine Text Project <clementinevulgateproject@mail.com>
Date:   Sun Sep 18 08:30:33 2022 +0100

    Clementine text update at Sun, 18 Sep 2022 08:26:33 BST

commit 2c470c986826b3e10ef62d43ac11680549b2f15f
Author: Clementine Text Project <clementinevulgateproject@mail.com>
Date:   Sun Nov 21 10:06:54 2021 +0000

    Clementine text update at Sun, 21 Nov 2021 09:59:21 GMT

commit c70978e635c723430cc066fdd1601762a5eaee0d
Author: Clementine Text Project <clementinevulgateproject@mail.com>
Date:   Sun Feb 7 13:55:35 2021 -0500

    Clementine text update at Sun, 07 Feb 2021 13:48:06 EST

commit 256752bdeeef2c5bb0a507087f0990bab47d42d7
Author: Clementine Text Project <clementinevulgateproject@mail.com>
Date:   Tue Dec 15 19:48:42 2020 -0500

    Clementine text update at Tue, 15 Dec 2020 19:41:56 EST

commit b0a92e6087a06d6c8d1aa900a1f9fdae94622013
Author: Clementine Text Project <clementinevulgateproject@mail.com>
Date:   Thu Apr 9 16:08:17 2020 -0400

    Clementine text update at Thu, 09 Apr 2020 16:01:00 EDT

commit 2637d9a8cd955e67b456d2f9c6db0110198726aa
Author: Clementine Text Project <clementinevulgateproject@mail.com>
Date:   Mon Mar 2 19:24:34 2020 -0500

    Clementine text update at Mon, 02 Mar 2020 19:24:25 EST

commit 62dfc6dd962eb4dfc3d98f67c1f0d384d8557ad6
Author: Clementine Text Project <clementinevulgateproject@mail.com>
Date:   Sun Feb 16 10:21:45 2020 -0500

    Clementine text update at Sun, 16 Feb 2020 10:18:01 EST

commit bb477dace8c901d515d59711d1709368928e7fe1
Author: Clementine Text Project <clementinevulgateproject@mail.com>
Date:   Sat Dec 28 11:49:29 2019 -0500

    Clementine text update at Sat, 28 Dec 2019 11:47:23 EST

commit 8250b513e2e09f46603774dfe6a2314fd6d0d447
Author: Clementine Text Project <clementinevulgateproject@mail.com>
Date:   Sat Dec 14 09:50:02 2019 -0500

    Clementine text update at Sat, 14 Dec 2019 09:47:47 EST

commit 2c497b9e2787ca5cee2328130feac6c9b8a76d9c
Author: Clementine Text Project <clementinevulgateproject@mail.com>
Date:   Sat Dec 7 10:34:26 2019 -0500

    Clementine text update at Sat, 07 Dec 2019 10:33:24 EST

commit 512c21bca4df5f8e05130e43d5cdcfbfb914cec5
Author: Clementine Text Project <clementinevulgateproject@mail.com>
Date:   Mon Dec 2 18:00:36 2019 -0500

    Clementine text update at Mon, 02 Dec 2019 17:59:03 EST

commit 9b35f5c4ce26c22687e98c113f814ea93e001093
Author: Clementine Text Project <clementinevulgateproject@mail.com>
Date:   Sat Nov 30 09:49:39 2019 -0500

    Clementine text update at Sat, 30 Nov 2019 09:48:16 EST

commit 3fb3c17ed4d954fcdee4ca004b1e9e1da3987a3e
Author: Clementine Text Project <clementinevulgateproject@mail.com>
Date:   Sat Oct 12 14:10:17 2019 -0400

    Clementine text update at Sat, 12 Oct 2019 14:09:15 EDT

commit 5c06a64167173362a036523dadbc7734c18424cb
Author: Clementine Text Project <clementinevulgateproject@mail.com>
Date:   Sun Jul 28 10:18:21 2019 -0400

    Clementine text update at Sun, 28 Jul 2019 10:16:12 EDT

commit f3e6bd7c2eda0093bfb251206a634d9291f30b50
Author: Clementine Text Project <clementinevulgateproject@mail.com>
Date:   Sat Jul 6 18:49:07 2019 -0400

    Clementine text update at Sat, 06 Jul 2019 18:46:53 EDT

commit bba2020ae88cd05efb0d3e622796c9eafe56bdfe
Merge: 066c934 bd4e63f
Author: Clementine Text Project <clementinevulgateproject@mail.com>
Date:   Sun Mar 10 11:52:31 2019 -0400

    Merge branch 'PR2'

commit bd4e63f597deb427f47fce21d97ad15a6171766e
Author: Clementine Text Project <clementinevulgateproject@mail.com>
Date:   Sun Mar 10 11:51:40 2019 -0400

    Merge subset of changes from efati's Pull Request #2 <https://bitbucket.org/clementinetextproject/text/pull-requests/2/various-corrections-in-books-of-the-new/commits>
    accept 1Cor 12:16 ideo > ideo non
    revert Act 1:23 (cf. http://www.sacredbible.org/vulgate1861/scans/719-Actus.jpg)
    accept Act 2:9 Mespotamiam > Mesopotamiam
    accept Act 20:30 vobisipsis > vobis ipsis
    revert Apc (variant spelling; cf. Sir 47:20, 3Rg 7:45)
    revert Eph (cf. http://www.sacredbible.org/vulgate1861/scans/770-Ephesios.jpg)
    revert Jac (cf. http://www.sacredbible.org/hetzenauer1914/scans/1176.jpg)
    revert Lc 6:22 (cf. http://www.sacredbible.org/vulgate1861/scans/682-Lucas.jpg)
    accept Lc 8:2 infirmantibus > infirmitatibus
    accept Lc 9:52 parerent > pararent
    revert Mt (cf. http://www.sacredbible.org/vulgate1861/scans/641-Matthaeus.jpg)
    accept Rom 16:11 Narcisi > Narcissi

commit 695fd269ffaeae7c694cdfb912191a896f637cae
Author: Efati <gefath@gmail.com>
Date:   Wed Mar 6 07:58:21 2019 +0100

    Various corrections in books of the New Testament.

commit 066c9342b7b190243eada40e8eaba60b8a263743
Author: Clementine Text Project <clementinevulgateproject@mail.com>
Date:   Sun Dec 30 10:58:56 2018 -0500

    correct additional Josophat > Josaphat

commit eeab305edf151e6e3e26b54ddfc5f7a4bad86663
Merge: 913b73c 5d9251c
Author: Efati <gefath@gmail.com>
Date:   Sun Dec 30 15:15:41 2018 +0000

    Merged in efati/clementine-vulgate/gospels-fix (pull request #1)
    
    Small typos in Gospels

commit 5d9251ca88acc3dd387877b9cc746b515cfb670a
Author: Efati <gefath@gmail.com>
Date:   Thu Dec 13 14:46:28 2018 +0100

    Small typos in Gospels.

commit 913b73c78caa5f5194478daa02fd28695516aaaa
Author: Clementine Text Project <clementinevulgateproject@mail.com>
Date:   Tue Jan 23 17:49:46 2018 +0000

    [ Ex 12:14 monimentum > monumentum ]

commit c0177968c135db742c7c158a859cacf404d345e5
Author: Clementine Text Project <clementinevulgateproject@mail.com>
Date:   Thu Oct 26 17:14:05 2017 +0100

    Clementine text update at Thu, 26 Oct 2017 16:55:24 BST

commit 670f5904568127d4fddd0ac1719ed6b1e95c9bb5
Author: Clementine Text Project <clementinevulgateproject@mail.com>
Date:   Wed Oct 4 18:56:16 2017 +0100

    Clementine text update at Wed, 04 Oct 2017 18:50:52 BST

commit 0e4b9a2f1f4cbbfc953f5a9559e7afbc2290f814
Author: Clementine Text Project <clementinevulgateproject@mail.com>
Date:   Mon Oct 2 20:45:46 2017 +0100

    add readme

commit 25b2d44c2aa46b4f7c23d780d5d038407149e93b
Author: Clementine Text Project <clementinevulgateproject@mail.com>
Date:   Sun Oct 1 16:09:22 2017 +0100

    Fold in all the changes since the last Subversion update. In principle
    the RSS feed would let us reply those changes since 2009 one by one, but
    that would be work, and 2006 to 2009 seems to be irretrievably lost, so
    let's cut our losses and just fold everything into a new baseline.

commit d60d36143cf647564a877a5d7afe442ddee50b68
Author: Clementine Text Project <clementinevulgateproject@mail.com>
Date:   Sun Oct 1 16:01:22 2017 +0100

    Import old subversion repo from 2006; refactor so that only the text
    files are in this repository. Scripts will go in a separate repo.

commit 7a8933bfd910367b0e0609818b3c3b2561ff6bfd
Author: Clementine Text Project <clementinevulgateproject@mail.com>
Date:   Sat Sep 2 00:00:00 2006 +0000

    Clementine text revision (2006-09-02)
    
    git-svn-id: file:///tmp/clemtext-svn@35 1e9a8079-be1d-0410-83bf-9b0435457381

commit 996b3fa0e07329c94ee4bb2270a62e8b375d9789
Author: Clementine Text Project <clementinevulgateproject@mail.com>
Date:   Wed Aug 23 00:00:00 2006 +0000

    Clementine text revision (2006-08-23)
    
    git-svn-id: file:///tmp/clemtext-svn@34 1e9a8079-be1d-0410-83bf-9b0435457381

commit cb2cea2dd09942278d08736900497b946afc653a
Author: Clementine Text Project <clementinevulgateproject@mail.com>
Date:   Wed Jul 19 00:00:00 2006 +0000

    Clementine text revision (2006-07-19)
    
    git-svn-id: file:///tmp/clemtext-svn@33 1e9a8079-be1d-0410-83bf-9b0435457381

commit 1f4410594b9caab74e774bd311619cfff26faa2a
Author: Clementine Text Project <clementinevulgateproject@mail.com>
Date:   Sun Jul 9 00:00:00 2006 +0000

    Clementine text revision (2006-07-09)
    
    git-svn-id: file:///tmp/clemtext-svn@32 1e9a8079-be1d-0410-83bf-9b0435457381

commit 3765e6b9a4309987221ab62c18c7e19b30e7653e
Author: Clementine Text Project <clementinevulgateproject@mail.com>
Date:   Wed Jun 7 00:00:00 2006 +0000

    Clementine text revision (2006-06-07)
    
    git-svn-id: file:///tmp/clemtext-svn@31 1e9a8079-be1d-0410-83bf-9b0435457381

commit d081a5f258c2d3341f5fe924fae02a6ab202fc5e
Author: Clementine Text Project <clementinevulgateproject@mail.com>
Date:   Thu Jun 1 00:00:00 2006 +0000

    Clementine text revision (2006-06-01)
    
    git-svn-id: file:///tmp/clemtext-svn@30 1e9a8079-be1d-0410-83bf-9b0435457381

commit 51cbe9b34a2413d1cbd11feb03d22b216b77b6f8
Author: Clementine Text Project <clementinevulgateproject@mail.com>
Date:   Mon May 15 00:00:00 2006 +0000

    Clementine text revision (2006-05-15)
    
    git-svn-id: file:///tmp/clemtext-svn@29 1e9a8079-be1d-0410-83bf-9b0435457381

commit 4216192f9b426b87e1e7234e59dec2d4aa8ba35b
Author: Clementine Text Project <clementinevulgateproject@mail.com>
Date:   Mon May 8 00:00:00 2006 +0000

    Clementine text revision (2006-05-08)
    
    git-svn-id: file:///tmp/clemtext-svn@28 1e9a8079-be1d-0410-83bf-9b0435457381

commit 79779e8568ebc82876e9d42c9db32acef785eeff
Author: Clementine Text Project <clementinevulgateproject@mail.com>
Date:   Tue Apr 11 00:00:00 2006 +0000

    Clementine text revision (2006-04-11)
    
    git-svn-id: file:///tmp/clemtext-svn@27 1e9a8079-be1d-0410-83bf-9b0435457381

commit 56cd55fbd9072ac4c8625bf0fb998e97f12c4ccb
Author: Clementine Text Project <clementinevulgateproject@mail.com>
Date:   Wed Apr 5 00:00:00 2006 +0000

    Clementine text revision (2006-04-05)
    
    git-svn-id: file:///tmp/clemtext-svn@26 1e9a8079-be1d-0410-83bf-9b0435457381

commit a91d261e1a9c0224d5eef46b037437c11c8a50dc
Author: Clementine Text Project <clementinevulgateproject@mail.com>
Date:   Sat Mar 11 00:00:00 2006 +0000

    Clementine text revision (2006-03-11)
    
    git-svn-id: file:///tmp/clemtext-svn@25 1e9a8079-be1d-0410-83bf-9b0435457381

commit 1dccf2209a5d725c3766c3536e1361bb81bc62b8
Author: Clementine Text Project <clementinevulgateproject@mail.com>
Date:   Sat Feb 25 00:00:00 2006 +0000

    Clementine text revision (2006-02-25)
    
    git-svn-id: file:///tmp/clemtext-svn@24 1e9a8079-be1d-0410-83bf-9b0435457381

commit 36e2c3658d7f12707f8f5896b148a5877b07a741
Author: Clementine Text Project <clementinevulgateproject@mail.com>
Date:   Thu Feb 2 00:00:00 2006 +0000

    Clementine text revision (2006-02-02)
    
    git-svn-id: file:///tmp/clemtext-svn@23 1e9a8079-be1d-0410-83bf-9b0435457381

commit 5c4e5e0d9b3a62769af13268230a72fa7b6f9f36
Author: Clementine Text Project <clementinevulgateproject@mail.com>
Date:   Tue Jan 24 00:00:00 2006 +0000

    Clementine text revision (2006-01-24)
    
    git-svn-id: file:///tmp/clemtext-svn@22 1e9a8079-be1d-0410-83bf-9b0435457381

commit df64aa7a02e29102b4c808b4f0aa4694678e0f57
Author: Clementine Text Project <clementinevulgateproject@mail.com>
Date:   Sat Dec 3 00:00:00 2005 +0000

    Clementine text revision (2005-12-03)
    
    git-svn-id: file:///tmp/clemtext-svn@21 1e9a8079-be1d-0410-83bf-9b0435457381

commit 42a7d9055599d639c5f0cd31bfbd967751a13f38
Author: Clementine Text Project <clementinevulgateproject@mail.com>
Date:   Sun Nov 20 00:00:00 2005 +0000

    Clementine text revision (2005-11-20)
    
    git-svn-id: file:///tmp/clemtext-svn@20 1e9a8079-be1d-0410-83bf-9b0435457381

commit 0b40b9bea52215e212ca4779f5e4f8da63d88f6b
Author: Clementine Text Project <clementinevulgateproject@mail.com>
Date:   Tue Nov 15 00:00:00 2005 +0000

    Clementine text revision (2005-11-15)
    
    git-svn-id: file:///tmp/clemtext-svn@19 1e9a8079-be1d-0410-83bf-9b0435457381

commit 60884eb62f6592ce98fb21cffa74aeb01e84fe3a
Author: Clementine Text Project <clementinevulgateproject@mail.com>
Date:   Thu Nov 3 00:00:00 2005 +0000

    Clementine text revision (2005-11-03)
    
    git-svn-id: file:///tmp/clemtext-svn@18 1e9a8079-be1d-0410-83bf-9b0435457381

commit 97853fd729a110535799b812c13a7de39dcd8644
Author: Clementine Text Project <clementinevulgateproject@mail.com>
Date:   Sat Oct 22 00:00:00 2005 +0000

    Clementine text revision (2005-10-22)
    
    git-svn-id: file:///tmp/clemtext-svn@17 1e9a8079-be1d-0410-83bf-9b0435457381

commit 56da47c0cddf3ce2e0d1de9aa34231e4c0f5b926
Author: Clementine Text Project <clementinevulgateproject@mail.com>
Date:   Tue Sep 27 00:00:00 2005 +0000

    Clementine text revision (2005-09-27)
    
    git-svn-id: file:///tmp/clemtext-svn@16 1e9a8079-be1d-0410-83bf-9b0435457381

commit fe67f50170a6c036a32a9932028e94c52df3310c
Author: Clementine Text Project <clementinevulgateproject@mail.com>
Date:   Thu Sep 15 00:00:00 2005 +0000

    Clementine text revision (2005-09-15)
    
    git-svn-id: file:///tmp/clemtext-svn@15 1e9a8079-be1d-0410-83bf-9b0435457381

commit 947a2fccd36c92ef97aea42fa6fbe218d5f636be
Author: Clementine Text Project <clementinevulgateproject@mail.com>
Date:   Sun Aug 28 00:00:00 2005 +0000

    Clementine text revision (2005-08-28)
    
    git-svn-id: file:///tmp/clemtext-svn@14 1e9a8079-be1d-0410-83bf-9b0435457381

commit 7786dfe953222cafb8fe605a565ceebfca9abdc4
Author: Clementine Text Project <clementinevulgateproject@mail.com>
Date:   Sun Jul 3 00:00:00 2005 +0000

    Clementine text revision (2005-07-03)
    
    git-svn-id: file:///tmp/clemtext-svn@13 1e9a8079-be1d-0410-83bf-9b0435457381

commit 9598c3515875b816ba02cce45d1d523a317b88b6
Author: Clementine Text Project <clementinevulgateproject@mail.com>
Date:   Thu Jun 9 00:00:00 2005 +0000

    Clementine text revision (2005-06-09)
    
    git-svn-id: file:///tmp/clemtext-svn@12 1e9a8079-be1d-0410-83bf-9b0435457381

commit db5fe86e3acde7b5534b27d00f0e0a34afa8695c
Author: Clementine Text Project <clementinevulgateproject@mail.com>
Date:   Wed Jun 8 00:00:00 2005 +0000

    Clementine text revision (2005-06-08)
    
    git-svn-id: file:///tmp/clemtext-svn@11 1e9a8079-be1d-0410-83bf-9b0435457381

commit aad082a0525e9f2131c288d98522c953880ba644
Author: Clementine Text Project <clementinevulgateproject@mail.com>
Date:   Mon Jun 6 00:00:00 2005 +0000

    Clementine text revision (2005-06-06)
    
    git-svn-id: file:///tmp/clemtext-svn@10 1e9a8079-be1d-0410-83bf-9b0435457381

commit eda80a53d6122095f70360048267441c722f20a1
Author: Clementine Text Project <clementinevulgateproject@mail.com>
Date:   Thu Jun 2 00:00:00 2005 +0000

    Clementine text revision (2005-06-02)
    
    git-svn-id: file:///tmp/clemtext-svn@9 1e9a8079-be1d-0410-83bf-9b0435457381

commit e7d040db9da04f3b59295667e4845eb67b540754
Author: Clementine Text Project <clementinevulgateproject@mail.com>
Date:   Tue May 31 00:00:00 2005 +0000

    Clementine text revision (2005-05-31)
    
    git-svn-id: file:///tmp/clemtext-svn@8 1e9a8079-be1d-0410-83bf-9b0435457381

commit de3fa5a91f7d609b0672dfc06b487ca8ddd8fc45
Author: Clementine Text Project <clementinevulgateproject@mail.com>
Date:   Wed May 25 00:00:00 2005 +0000

    Clementine text revision (2005-05-25)
    
    git-svn-id: file:///tmp/clemtext-svn@7 1e9a8079-be1d-0410-83bf-9b0435457381

commit 43b56ad4f0a0b507dcf7563c13ec22333c484634
Author: Clementine Text Project <clementinevulgateproject@mail.com>
Date:   Tue May 3 00:00:00 2005 +0000

    Clementine text revision (2005-05-03)
    
    git-svn-id: file:///tmp/clemtext-svn@6 1e9a8079-be1d-0410-83bf-9b0435457381

commit 9f82302ffd9349ce581ada926fe3cebb7b227f47
Author: Clementine Text Project <clementinevulgateproject@mail.com>
Date:   Mon May 2 00:00:00 2005 +0000

    Clementine text revision (2005-05-02)
    
    git-svn-id: file:///tmp/clemtext-svn@5 1e9a8079-be1d-0410-83bf-9b0435457381

commit 26390ffe01c319de82880279d8379ea8ac856698
Author: Clementine Text Project <clementinevulgateproject@mail.com>
Date:   Wed Apr 27 00:00:00 2005 +0000

    Clementine text revision (2005-04-27)
    
    git-svn-id: file:///tmp/clemtext-svn@4 1e9a8079-be1d-0410-83bf-9b0435457381

commit 8284e54588a59c592003a428d9d78b3fabb1c7b3
Author: Clementine Text Project <clementinevulgateproject@mail.com>
Date:   Fri Apr 22 00:00:00 2005 +0000

    Clementine text revision (2005-04-22)
    
    git-svn-id: file:///tmp/clemtext-svn@3 1e9a8079-be1d-0410-83bf-9b0435457381

commit 6da3aa3d817a7f5425b9ec758c96c7075c60de25
Author: Clementine Text Project <clementinevulgateproject@mail.com>
Date:   Thu Apr 7 00:00:00 2005 +0000

    Clementine text revision (2005-04-07)
    
    git-svn-id: file:///tmp/clemtext-svn@2 1e9a8079-be1d-0410-83bf-9b0435457381

commit a17e3a1d768569bc36b9b938dcb6254894359bec
Author: Clementine Text Project <clementinevulgateproject@mail.com>
Date:   Sun Apr 3 00:00:00 2005 +0000

    Quasimodo text (03/04/05)
    
    git-svn-id: file:///tmp/clemtext-svn@1 1e9a8079-be1d-0410-83bf-9b0435457381
